<?xml version="1.0" encoding="UTF-8"?>
<testng-results ignored="0" total="1" passed="1" failed="0" skipped="0">
  <reporter-output>
  </reporter-output>
  <suite started-at="2023-03-31T14:47:00Z" name="Practice Suite" finished-at="2023-03-31T14:47:19Z" duration-ms="19686">
    <groups>
    </groups>
    <test started-at="2023-03-31T14:47:00Z" name="Test Basics 1" finished-at="2023-03-31T14:47:19Z" duration-ms="19686">
      <class name="Tests.TestClass1">
        <test-method is-config="true" signature="setup()[pri:0, instance:Tests.TestClass1@55740540]" started-at="2023-03-31T20:17:00Z" name="setup" finished-at="2023-03-31T20:17:18Z" duration-ms="18667" status="PASS">
          <reporter-output>
          </reporter-output>
        </test-method> <!-- setup -->
        <test-method signature="test1()[pri:0, instance:Tests.TestClass1@55740540]" started-at="2023-03-31T20:17:18Z" name="test1" description="Test 1" finished-at="2023-03-31T20:17:18Z" duration-ms="40" status="PASS">
          <reporter-output>
          </reporter-output>
        </test-method> <!-- test1 -->
        <test-method is-config="true" signature="tearDown()[pri:0, instance:Tests.TestClass1@55740540]" started-at="2023-03-31T20:17:18Z" name="tearDown" finished-at="2023-03-31T20:17:19Z" duration-ms="939" status="PASS">
          <reporter-output>
          </reporter-output>
        </test-method> <!-- tearDown -->
      </class> <!-- Tests.TestClass1 -->
    </test> <!-- Test Basics 1 -->
  </suite> <!-- Practice Suite -->
</testng-results>
